<?xml version="1.0" encoding="UTF-8"?>
<!-- Generated by org.testng.reporters.JUnitReportReporter -->
<testsuite hostname="LAPTOP-0QPIVDQ4" name="com.TestNG.Practise.PriorityConceptTestNG" tests="3" failures="0" timestamp="3 Oct 2018 18:48:13 GMT" time="32.567" errors="0">
  <testcase name="googleTitleTest" time="8.633" classname="com.TestNG.Practise.PriorityConceptTestNG"/>
  <testcase name="mailLinkTest" time="10.930" classname="com.TestNG.Practise.PriorityConceptTestNG"/>
  <testcase name="googleLogoTest" time="13.004" classname="com.TestNG.Practise.PriorityConceptTestNG"/>
</testsuite> <!-- com.TestNG.Practise.PriorityConceptTestNG -->
