<?xml version="1.0" encoding="UTF-8"?>
<!-- Generated by org.testng.reporters.JUnitReportReporter -->
<testsuite hostname="LAPTOP-0QPIVDQ4" name="com.TestNG.Practise.GroupsTestNG" tests="4" failures="0" timestamp="3 Oct 2018 18:55:59 GMT" time="29.258" errors="0">
  <testcase name="googleTitleTest" time="7.510" classname="com.TestNG.Practise.GroupsTestNG"/>
  <testcase name="mailLinkTest" time="6.608" classname="com.TestNG.Practise.GroupsTestNG"/>
  <testcase name="googleLogoTest" time="8.717" classname="com.TestNG.Practise.GroupsTestNG"/>
  <testcase name="test" time="6.423" classname="com.TestNG.Practise.GroupsTestNG"/>
</testsuite> <!-- com.TestNG.Practise.GroupsTestNG -->
